<?xml version="1.0" encoding="UTF-8"?>
<!-- Generated by org.testng.reporters.JUnitXMLReporter -->
<testsuite ignored="1" hostname="DESKTOP-SBRDJJE" failures="0" tests="1" name="Error Validation Test" time="3.377" errors="0" timestamp="2024-07-14T19:18:11 IST">
  <testcase classname="rahulshettyacademy.test.ErrorValidationTest" name="loginErrorValidation" time="0.906"/>
  <testcase classname="rahulshettyacademy.test.ErrorValidationTest" name="productErrorValidation" time="0.0">
    <ignored/>
  </testcase> <!-- productErrorValidation -->
</testsuite> <!-- Error Validation Test -->
