<?xml version="1.0" encoding="UTF-8"?>
<!-- Generated by org.testng.reporters.JUnitXMLReporter -->
<testsuite ignored="2" hostname="DESKTOP-SBRDJJE" failures="0" tests="0" time="0.011" errors="0" timestamp="2024-07-14T19:18:08 IST">
  <testcase classname="rahulshettyacademy.test.SubmitOrderTest" name="goToOrderTest" time="0.0">
    <ignored/>
  </testcase> <!-- goToOrderTest -->
  <testcase classname="rahulshettyacademy.test.SubmitOrderTest" name="SubmitOrderTest" time="0.0">
    <ignored/>
  </testcase> <!-- SubmitOrderTest -->
</testsuite>
