<?xml version="1.0" encoding="UTF-8"?>
<testng-results ignored="0" total="1" passed="1" failed="0" skipped="0">
  <reporter-output>
  </reporter-output>
  <suite started-at="2024-07-14T19:18:08 IST" name="Suite" finished-at="2024-07-14T19:18:11 IST" duration-ms="3377">
    <groups>
      <group name="ErrorHandling">
        <method signature="ErrorValidationTest.loginErrorValidation()[pri:0, instance:rahulshettyacademy.test.ErrorValidationTest@6f204a1a]" name="loginErrorValidation" class="rahulshettyacademy.test.ErrorValidationTest"/>
      </group> <!-- ErrorHandling -->
    </groups>
    <test started-at="2024-07-14T19:18:08 IST" name="Submit Order Test" finished-at="2024-07-14T19:18:08 IST" duration-ms="11">
    </test> <!-- Submit Order Test -->
    <test started-at="2024-07-14T19:18:08 IST" name="Error Validation Test" finished-at="2024-07-14T19:18:11 IST" duration-ms="3377">
      <class name="rahulshettyacademy.test.ErrorValidationTest">
        <test-method is-config="true" signature="launchApplication()[pri:0, instance:rahulshettyacademy.test.ErrorValidationTest@6f204a1a]" started-at="2024-07-14T19:18:08 IST" name="launchApplication" finished-at="2024-07-14T19:18:10 IST" duration-ms="2336" status="PASS">
          <reporter-output>
          </reporter-output>
        </test-method> <!-- launchApplication -->
        <test-method signature="loginErrorValidation()[pri:0, instance:rahulshettyacademy.test.ErrorValidationTest@6f204a1a]" started-at="2024-07-14T19:18:10 IST" name="loginErrorValidation" finished-at="2024-07-14T19:18:11 IST" duration-ms="906" status="PASS">
          <reporter-output>
          </reporter-output>
        </test-method> <!-- loginErrorValidation -->
        <test-method is-config="true" signature="teaDown()[pri:0, instance:rahulshettyacademy.test.ErrorValidationTest@6f204a1a]" started-at="2024-07-14T19:18:11 IST" name="teaDown" finished-at="2024-07-14T19:18:11 IST" duration-ms="93" status="PASS">
          <reporter-output>
          </reporter-output>
        </test-method> <!-- teaDown -->
      </class> <!-- rahulshettyacademy.test.ErrorValidationTest -->
    </test> <!-- Error Validation Test -->
  </suite> <!-- Suite -->
</testng-results>
